==28828== Memcheck, a memory error detector
==28828== Copyright (C) 2002-2017, and GNU GPL'd, by Julian Seward et al.
==28828== Using Valgrind-3.13.0 and LibVEX; rerun with -h for copyright info
==28828== Command: ./spell_check ./wordlists/wordlist.txt ./inputs/test1.txt
==28828== 
==28828== Conditional jump or move depends on uninitialised value(s)
==28828==    at 0x4C32CF9: strlen (in /usr/lib/valgrind/vgpreload_memcheck-amd64-linux.so)
==28828==    by 0x108A08: hash_function (dictionary.c:25)
==28828==    by 0x10917E: check_word (spell.c:176)
==28828==    by 0x108DB4: check_words (spell.c:86)
==28828==    by 0x1095A1: main (main.c:41)
==28828== 
==28828== Conditional jump or move depends on uninitialised value(s)
==28828==    at 0x4C32D08: strlen (in /usr/lib/valgrind/vgpreload_memcheck-amd64-linux.so)
==28828==    by 0x108A08: hash_function (dictionary.c:25)
==28828==    by 0x10917E: check_word (spell.c:176)
==28828==    by 0x108DB4: check_words (spell.c:86)
==28828==    by 0x1095A1: main (main.c:41)
==28828== 
==28828== Use of uninitialised value of size 8
==28828==    at 0x109196: check_word (spell.c:177)
==28828==    by 0x108DB4: check_words (spell.c:86)
==28828==    by 0x1095A1: main (main.c:41)
==28828== 
==28828== Conditional jump or move depends on uninitialised value(s)
==28828==    at 0x4C33DAC: strcmp (in /usr/lib/valgrind/vgpreload_memcheck-amd64-linux.so)
==28828==    by 0x1091B1: check_word (spell.c:181)
==28828==    by 0x108DB4: check_words (spell.c:86)
==28828==    by 0x1095A1: main (main.c:41)
==28828== 
==28828== Conditional jump or move depends on uninitialised value(s)
==28828==    at 0x1091B4: check_word (spell.c:181)
==28828==    by 0x108DB4: check_words (spell.c:86)
==28828==    by 0x1095A1: main (main.c:41)
==28828== 
==28828== Conditional jump or move depends on uninitialised value(s)
==28828==    at 0x4C33DB0: strcmp (in /usr/lib/valgrind/vgpreload_memcheck-amd64-linux.so)
==28828==    by 0x1091B1: check_word (spell.c:181)
==28828==    by 0x108DB4: check_words (spell.c:86)
==28828==    by 0x1095A1: main (main.c:41)
==28828== 
==28828== Conditional jump or move depends on uninitialised value(s)
==28828==    at 0x4C33DCC: strcmp (in /usr/lib/valgrind/vgpreload_memcheck-amd64-linux.so)
==28828==    by 0x1091B1: check_word (spell.c:181)
==28828==    by 0x108DB4: check_words (spell.c:86)
==28828==    by 0x1095A1: main (main.c:41)
==28828== 
==28828== 
==28828== FILE DESCRIPTORS: 3 open at exit.
==28828== Open file descriptor 2: /home/kratel/nyu_appsec/logs/valgrind_run04.log
==28828==    <inherited from parent>
==28828== 
==28828== Open file descriptor 1: /dev/pts/0
==28828==    <inherited from parent>
==28828== 
==28828== Open file descriptor 0: /dev/pts/0
==28828==    <inherited from parent>
==28828== 
==28828== 
==28828== HEAP SUMMARY:
==28828==     in use at exit: 0 bytes in 0 blocks
==28828==   total heap usage: 123,140 allocs, 123,140 frees, 6,905,850 bytes allocated
==28828== 
==28828== All heap blocks were freed -- no leaks are possible
==28828== 
==28828== For counts of detected and suppressed errors, rerun with: -v
==28828== Use --track-origins=yes to see where uninitialised values come from
==28828== ERROR SUMMARY: 737 errors from 7 contexts (suppressed: 0 from 0)
