==28276== Memcheck, a memory error detector
==28276== Copyright (C) 2002-2017, and GNU GPL'd, by Julian Seward et al.
==28276== Using Valgrind-3.13.0 and LibVEX; rerun with -h for copyright info
==28276== Command: ./spell_check ./wordlists/wordlist.txt ./inputs/test1.txt
==28276== 
==28276== Conditional jump or move depends on uninitialised value(s)
==28276==    at 0x4C32CF9: strlen (in /usr/lib/valgrind/vgpreload_memcheck-amd64-linux.so)
==28276==    by 0x108A08: hash_function (dictionary.c:25)
==28276==    by 0x1091B2: check_word (spell.c:176)
==28276==    by 0x108DCE: check_words (spell.c:86)
==28276==    by 0x109610: main (main.c:45)
==28276== 
==28276== Conditional jump or move depends on uninitialised value(s)
==28276==    at 0x4C32D08: strlen (in /usr/lib/valgrind/vgpreload_memcheck-amd64-linux.so)
==28276==    by 0x108A08: hash_function (dictionary.c:25)
==28276==    by 0x1091B2: check_word (spell.c:176)
==28276==    by 0x108DCE: check_words (spell.c:86)
==28276==    by 0x109610: main (main.c:45)
==28276== 
==28276== Use of uninitialised value of size 8
==28276==    at 0x1091CA: check_word (spell.c:177)
==28276==    by 0x108DCE: check_words (spell.c:86)
==28276==    by 0x109610: main (main.c:45)
==28276== 
==28276== Conditional jump or move depends on uninitialised value(s)
==28276==    at 0x4C33DAC: strcmp (in /usr/lib/valgrind/vgpreload_memcheck-amd64-linux.so)
==28276==    by 0x1091E5: check_word (spell.c:181)
==28276==    by 0x108DCE: check_words (spell.c:86)
==28276==    by 0x109610: main (main.c:45)
==28276== 
==28276== Conditional jump or move depends on uninitialised value(s)
==28276==    at 0x1091E8: check_word (spell.c:181)
==28276==    by 0x108DCE: check_words (spell.c:86)
==28276==    by 0x109610: main (main.c:45)
==28276== 
==28276== Conditional jump or move depends on uninitialised value(s)
==28276==    at 0x4C33DB0: strcmp (in /usr/lib/valgrind/vgpreload_memcheck-amd64-linux.so)
==28276==    by 0x1091E5: check_word (spell.c:181)
==28276==    by 0x108DCE: check_words (spell.c:86)
==28276==    by 0x109610: main (main.c:45)
==28276== 
==28276== Conditional jump or move depends on uninitialised value(s)
==28276==    at 0x4C33DCC: strcmp (in /usr/lib/valgrind/vgpreload_memcheck-amd64-linux.so)
==28276==    by 0x1091E5: check_word (spell.c:181)
==28276==    by 0x108DCE: check_words (spell.c:86)
==28276==    by 0x109610: main (main.c:45)
==28276== 
==28276== 
==28276== FILE DESCRIPTORS: 3 open at exit.
==28276== Open file descriptor 2: /home/kratel/nyu_appsec/logs/valgrind_run03.log
==28276==    <inherited from parent>
==28276== 
==28276== Open file descriptor 1: /dev/pts/0
==28276==    <inherited from parent>
==28276== 
==28276== Open file descriptor 0: /dev/pts/0
==28276==    <inherited from parent>
==28276== 
==28276== 
==28276== HEAP SUMMARY:
==28276==     in use at exit: 0 bytes in 0 blocks
==28276==   total heap usage: 123,140 allocs, 123,140 frees, 6,905,850 bytes allocated
==28276== 
==28276== All heap blocks were freed -- no leaks are possible
==28276== 
==28276== For counts of detected and suppressed errors, rerun with: -v
==28276== Use --track-origins=yes to see where uninitialised values come from
==28276== ERROR SUMMARY: 737 errors from 7 contexts (suppressed: 0 from 0)
